0 info it worked if it ends with ok
1 verbose cli [ '/usr/local/Cellar/node/0.10.34/bin/node',
1 verbose cli   '/usr/local/bin/npm',
1 verbose cli   'start' ]
2 info using npm@3.9.5
3 info using node@v6.2.2
4 verbose run-script [ 'prestart', 'start', 'poststart' ]
5 info lifecycle scraping@1.0.0~prestart: scraping@1.0.0
6 silly lifecycle scraping@1.0.0~prestart: no script for prestart, continuing
7 info lifecycle scraping@1.0.0~start: scraping@1.0.0
8 verbose lifecycle scraping@1.0.0~start: unsafe-perm in lifecycle true
9 verbose lifecycle scraping@1.0.0~start: PATH: /usr/local/lib/node_modules/npm/bin/node-gyp-bin:/Users/Jackson/dev/TreeHacks2017/middleware/scraping/node_modules/.bin:/usr/local/Cellar/node/0.10.34/bin:/Library/Frameworks/Python.framework/Versions/2.7/bin:/usr/local/Cellar/mongodb/2.6.5/bin:/Library/Frameworks/Python.framework/Versions/3.4/bin:/Users/Jackson/.rvm/gems/ruby-2.3.0/bin:/Users/Jackson/.rvm/gems/ruby-2.3.0@global/bin:/Users/Jackson/.rvm/rubies/ruby-2.3.0/bin:/Users/Jackson/dev/solr-5.2.1/bin:/Users/Jackson/dev/adt-bundle/sdk/build-tools/android-4.4W/:/Users/Jackson/.rvm/gems/ruby-2.3.0/bin:/opt/local/bin:/opt/local/sbin:/usr/local/bin:/usr/bin:/bin:/usr/sbin:/sbin:/opt/X11/bin:/usr/texbin:/Applications/Postgres.app/Contents/Versions/9.3/bin:/Users/Jackson/.rvm/bin:/usr/local/git/:/usr/texbin/
10 verbose lifecycle scraping@1.0.0~start: CWD: /Users/Jackson/dev/TreeHacks2017/middleware/scraping
11 silly lifecycle scraping@1.0.0~start: Args: [ '-c', 'node index.js' ]
12 silly lifecycle scraping@1.0.0~start: Returned: code: 1  signal: null
13 info lifecycle scraping@1.0.0~start: Failed to exec start script
14 verbose stack Error: scraping@1.0.0 start: `node index.js`
14 verbose stack Exit status 1
14 verbose stack     at EventEmitter.<anonymous> (/usr/local/lib/node_modules/npm/lib/utils/lifecycle.js:245:16)
14 verbose stack     at emitTwo (events.js:106:13)
14 verbose stack     at EventEmitter.emit (events.js:191:7)
14 verbose stack     at ChildProcess.<anonymous> (/usr/local/lib/node_modules/npm/lib/utils/spawn.js:24:14)
14 verbose stack     at emitTwo (events.js:106:13)
14 verbose stack     at ChildProcess.emit (events.js:191:7)
14 verbose stack     at maybeClose (internal/child_process.js:852:16)
14 verbose stack     at Process.ChildProcess._handle.onexit (internal/child_process.js:215:5)
15 verbose pkgid scraping@1.0.0
16 verbose cwd /Users/Jackson/dev/TreeHacks2017/middleware/scraping
17 error Darwin 14.5.0
18 error argv "/usr/local/Cellar/node/0.10.34/bin/node" "/usr/local/bin/npm" "start"
19 error node v6.2.2
20 error npm  v3.9.5
21 error code ELIFECYCLE
22 error scraping@1.0.0 start: `node index.js`
22 error Exit status 1
23 error Failed at the scraping@1.0.0 start script 'node index.js'.
23 error Make sure you have the latest version of node.js and npm installed.
23 error If you do, this is most likely a problem with the scraping package,
23 error not with npm itself.
23 error Tell the author that this fails on your system:
23 error     node index.js
23 error You can get information on how to open an issue for this project with:
23 error     npm bugs scraping
23 error Or if that isn't available, you can get their info via:
23 error     npm owner ls scraping
23 error There is likely additional logging output above.
24 verbose exit [ 1, true ]
